[0m13:52:01.732512 [debug] [MainThread]: Sending event: {'category': 'dbt', 'action': 'invocation', 'label': 'start', 'context': [<snowplow_tracker.self_describing_json.SelfDescribingJson object at 0x000002C6A8459550>, <snowplow_tracker.self_describing_json.SelfDescribingJson object at 0x000002C6A51DB4D0>, <snowplow_tracker.self_describing_json.SelfDescribingJson object at 0x000002C6A90BEE90>]}


============================== 13:52:01.739499 | 09afebd7-c6c4-476f-af1a-b2632b56d95b ==============================
[0m13:52:01.739499 [info ] [MainThread]: Running with dbt=1.11.8
[0m13:52:01.741071 [debug] [MainThread]: running dbt with arguments {'static_parser': 'True', 'no_print': 'None', 'version_check': 'True', 'target_path': 'None', 'warn_error_options': 'WarnErrorOptionsV2(error=[], warn=[], silence=[])', 'printer_width': '80', 'write_json': 'True', 'empty': 'None', 'log_cache_events': 'False', 'introspect': 'True', 'cache_selected_only': 'False', 'log_format': 'default', 'debug': 'False', 'fail_fast': 'False', 'partial_parse': 'True', 'send_anonymous_usage_stats': 'True', 'quiet': 'False', 'warn_error': 'None', 'profiles_dir': 'C:\\Users\\rakes\\.dbt', 'use_colors': 'True', 'invocation_command': 'dbt init learnDbtSnowflake', 'indirect_selection': 'eager', 'use_experimental_parser': 'False', 'log_path': 'logs'}
[0m13:52:01.804580 [debug] [MainThread]: Starter project path: C:\Users\rakes\AppData\Local\Programs\Python\Python313\Lib\site-packages\dbt\include\starter_project
[0m13:52:01.856070 [info ] [MainThread]: 
Your new dbt project "learnDbtSnowflake" was created!

For more information on how to configure the profiles.yml file,
please consult the dbt documentation here:

  https://docs.getdbt.com/docs/configure-your-profile

One more thing:

Need help? Don't hesitate to reach out to us via GitHub issues or on Slack:

  https://community.getdbt.com/

Happy modeling!

[0m13:52:01.857071 [info ] [MainThread]: Setting up your profile.
[0m13:52:07.621753 [debug] [MainThread]: Snowflake adapter: Setting snowflake.connector to ERROR (file logging only)
[0m13:52:07.622286 [debug] [MainThread]: Snowflake adapter: Setting botocore to ERROR (file logging only)
[0m13:52:07.622579 [debug] [MainThread]: Snowflake adapter: Setting boto3 to ERROR (file logging only)
[0m13:53:22.842324 [info ] [MainThread]: Profile learnDbtSnowflake written to C:\Users\rakes\.dbt\profiles.yml using target's profile_template.yml and your supplied values. Run 'dbt debug' to validate the connection.
[0m13:53:22.844577 [debug] [MainThread]: Command `dbt init` succeeded at 13:53:22.844332 after 81.37 seconds
[0m13:53:22.845106 [debug] [MainThread]: Sending event: {'category': 'dbt', 'action': 'invocation', 'label': 'end', 'context': [<snowplow_tracker.self_describing_json.SelfDescribingJson object at 0x000002C6ABA862C0>, <snowplow_tracker.self_describing_json.SelfDescribingJson object at 0x000002C6AB3C30B0>, <snowplow_tracker.self_describing_json.SelfDescribingJson object at 0x000002C6ABA1A250>]}
[0m13:53:22.845646 [debug] [MainThread]: Flushing usage events
[0m13:53:24.769941 [debug] [MainThread]: An error was encountered while trying to flush usage events
[0m13:59:31.803543 [debug] [MainThread]: Sending event: {'category': 'dbt', 'action': 'invocation', 'label': 'start', 'context': [<snowplow_tracker.self_describing_json.SelfDescribingJson object at 0x0000027044905550>, <snowplow_tracker.self_describing_json.SelfDescribingJson object at 0x00000270415BB4D0>, <snowplow_tracker.self_describing_json.SelfDescribingJson object at 0x0000027045C7FC50>]}


============================== 13:59:31.817672 | 613abf54-40ae-4095-8086-76d2ab3fd3de ==============================
[0m13:59:31.817672 [info ] [MainThread]: Running with dbt=1.11.8
[0m13:59:31.819771 [debug] [MainThread]: running dbt with arguments {'static_parser': 'True', 'no_print': 'None', 'version_check': 'True', 'target_path': 'None', 'warn_error_options': 'WarnErrorOptionsV2(error=[], warn=[], silence=[])', 'printer_width': '80', 'write_json': 'True', 'introspect': 'True', 'log_cache_events': 'False', 'empty': 'None', 'cache_selected_only': 'False', 'log_format': 'default', 'debug': 'False', 'fail_fast': 'False', 'partial_parse': 'True', 'send_anonymous_usage_stats': 'True', 'quiet': 'False', 'warn_error': 'None', 'profiles_dir': 'C:\\Users\\rakes\\.dbt', 'invocation_command': 'dbt debug', 'indirect_selection': 'eager', 'use_colors': 'True', 'use_experimental_parser': 'False', 'log_path': 'logs'}
[0m13:59:31.886012 [info ] [MainThread]: dbt version: 1.11.8
[0m13:59:31.887184 [info ] [MainThread]: python version: 3.13.13
[0m13:59:31.888076 [info ] [MainThread]: python path: C:\Users\rakes\AppData\Local\Programs\Python\Python313\python.exe
[0m13:59:31.889021 [info ] [MainThread]: os info: Windows-11-10.0.26200-SP0
[0m13:59:33.509994 [debug] [MainThread]: Snowflake adapter: Setting snowflake.connector to ERROR (file logging only)
[0m13:59:33.511652 [debug] [MainThread]: Snowflake adapter: Setting botocore to ERROR (file logging only)
[0m13:59:33.512392 [debug] [MainThread]: Snowflake adapter: Setting boto3 to ERROR (file logging only)
[0m13:59:33.679585 [info ] [MainThread]: Using profiles dir at C:\Users\rakes\.dbt
[0m13:59:33.680758 [info ] [MainThread]: Using profiles.yml file at C:\Users\rakes\.dbt\profiles.yml
[0m13:59:33.681755 [info ] [MainThread]: Using dbt_project.yml file at C:\Users\rakes\PycharmProjects\learnDbtSnpwflake\dbt_project.yml
[0m13:59:33.682805 [error] [MainThread]: Encountered an error:
Internal Error
  Profile should not be None if loading profile completed
[0m13:59:33.684724 [debug] [MainThread]: Command `dbt debug` failed at 13:59:33.684470 after 2.47 seconds
[0m13:59:33.685439 [debug] [MainThread]: Sending event: {'category': 'dbt', 'action': 'invocation', 'label': 'end', 'context': [<snowplow_tracker.self_describing_json.SelfDescribingJson object at 0x00000270480182B0>, <snowplow_tracker.self_describing_json.SelfDescribingJson object at 0x000002704800DB50>, <snowplow_tracker.self_describing_json.SelfDescribingJson object at 0x0000027047F2E470>]}
[0m13:59:33.686109 [debug] [MainThread]: Flushing usage events
[0m13:59:36.425075 [debug] [MainThread]: An error was encountered while trying to flush usage events
[0m14:00:36.937555 [debug] [MainThread]: Sending event: {'category': 'dbt', 'action': 'invocation', 'label': 'start', 'context': [<snowplow_tracker.self_describing_json.SelfDescribingJson object at 0x00000288DC905550>, <snowplow_tracker.self_describing_json.SelfDescribingJson object at 0x00000288D95AB4D0>, <snowplow_tracker.self_describing_json.SelfDescribingJson object at 0x00000288DD56EE90>]}


============================== 14:00:36.947040 | d22055d2-34cb-4fb8-92ae-0ce82ed37cb8 ==============================
[0m14:00:36.947040 [info ] [MainThread]: Running with dbt=1.11.8
[0m14:00:36.948645 [debug] [MainThread]: running dbt with arguments {'static_parser': 'True', 'no_print': 'None', 'version_check': 'True', 'warn_error_options': 'WarnErrorOptionsV2(error=[], warn=[], silence=[])', 'target_path': 'None', 'printer_width': '80', 'write_json': 'True', 'empty': 'None', 'log_cache_events': 'False', 'introspect': 'True', 'cache_selected_only': 'False', 'log_format': 'default', 'debug': 'False', 'fail_fast': 'False', 'partial_parse': 'True', 'send_anonymous_usage_stats': 'True', 'quiet': 'False', 'warn_error': 'None', 'profiles_dir': 'C:\\Users\\rakes\\.dbt', 'use_colors': 'True', 'indirect_selection': 'eager', 'invocation_command': 'dbt debug', 'use_experimental_parser': 'False', 'log_path': 'logs'}
[0m14:00:37.007202 [info ] [MainThread]: dbt version: 1.11.8
[0m14:00:37.008336 [info ] [MainThread]: python version: 3.13.13
[0m14:00:37.009321 [info ] [MainThread]: python path: C:\Users\rakes\AppData\Local\Programs\Python\Python313\python.exe
[0m14:00:37.010307 [info ] [MainThread]: os info: Windows-11-10.0.26200-SP0
[0m14:00:38.162685 [debug] [MainThread]: Snowflake adapter: Setting snowflake.connector to ERROR (file logging only)
[0m14:00:38.163723 [debug] [MainThread]: Snowflake adapter: Setting botocore to ERROR (file logging only)
[0m14:00:38.164485 [debug] [MainThread]: Snowflake adapter: Setting boto3 to ERROR (file logging only)
[0m14:00:38.312483 [info ] [MainThread]: Using profiles dir at C:\Users\rakes\.dbt
[0m14:00:38.313707 [info ] [MainThread]: Using profiles.yml file at C:\Users\rakes\.dbt\profiles.yml
[0m14:00:38.314609 [info ] [MainThread]: Using dbt_project.yml file at C:\Users\rakes\PycharmProjects\learnDbtSnpwflake\dbt_project.yml
[0m14:00:38.316901 [error] [MainThread]: Encountered an error:
Internal Error
  Profile should not be None if loading profile completed
[0m14:00:38.319023 [debug] [MainThread]: Command `dbt debug` failed at 14:00:38.318730 after 1.89 seconds
[0m14:00:38.319820 [debug] [MainThread]: Sending event: {'category': 'dbt', 'action': 'invocation', 'label': 'end', 'context': [<snowplow_tracker.self_describing_json.SelfDescribingJson object at 0x00000288DFFD82B0>, <snowplow_tracker.self_describing_json.SelfDescribingJson object at 0x00000288DFFCDB50>, <snowplow_tracker.self_describing_json.SelfDescribingJson object at 0x00000288DFEEE470>]}
[0m14:00:38.320575 [debug] [MainThread]: Flushing usage events
[0m14:00:40.878081 [debug] [MainThread]: An error was encountered while trying to flush usage events
[0m14:05:05.473008 [debug] [MainThread]: Sending event: {'category': 'dbt', 'action': 'invocation', 'label': 'start', 'context': [<snowplow_tracker.self_describing_json.SelfDescribingJson object at 0x00000285D5955550>, <snowplow_tracker.self_describing_json.SelfDescribingJson object at 0x00000285D266B4D0>, <snowplow_tracker.self_describing_json.SelfDescribingJson object at 0x00000285D6CBFC50>]}


============================== 14:05:05.487447 | 5aa20fa0-9f94-4a01-a830-3283ad6e58df ==============================
[0m14:05:05.487447 [info ] [MainThread]: Running with dbt=1.11.8
[0m14:05:05.489628 [debug] [MainThread]: running dbt with arguments {'static_parser': 'True', 'no_print': 'None', 'version_check': 'True', 'target_path': 'None', 'warn_error_options': 'WarnErrorOptionsV2(error=[], warn=[], silence=[])', 'printer_width': '80', 'write_json': 'True', 'introspect': 'True', 'log_cache_events': 'False', 'empty': 'None', 'cache_selected_only': 'False', 'log_format': 'default', 'debug': 'False', 'fail_fast': 'False', 'partial_parse': 'True', 'send_anonymous_usage_stats': 'True', 'quiet': 'False', 'warn_error': 'None', 'profiles_dir': 'C:\\Users\\rakes\\.dbt', 'indirect_selection': 'eager', 'use_colors': 'True', 'invocation_command': 'dbt debug', 'use_experimental_parser': 'False', 'log_path': 'logs'}
[0m14:05:05.562302 [info ] [MainThread]: dbt version: 1.11.8
[0m14:05:05.563552 [info ] [MainThread]: python version: 3.13.13
[0m14:05:05.564472 [info ] [MainThread]: python path: C:\Users\rakes\AppData\Local\Programs\Python\Python313\python.exe
[0m14:05:05.565607 [info ] [MainThread]: os info: Windows-11-10.0.26200-SP0
[0m14:05:07.194923 [debug] [MainThread]: Snowflake adapter: Setting snowflake.connector to ERROR (file logging only)
[0m14:05:07.195925 [debug] [MainThread]: Snowflake adapter: Setting botocore to ERROR (file logging only)
[0m14:05:07.196651 [debug] [MainThread]: Snowflake adapter: Setting boto3 to ERROR (file logging only)
[0m14:05:07.396395 [info ] [MainThread]: Using profiles dir at C:\Users\rakes\.dbt
[0m14:05:07.398030 [info ] [MainThread]: Using profiles.yml file at C:\Users\rakes\.dbt\profiles.yml
[0m14:05:07.399374 [info ] [MainThread]: Using dbt_project.yml file at C:\Users\rakes\PycharmProjects\learnDbtSnpwflake\dbt_project.yml
[0m14:05:07.400959 [error] [MainThread]: Encountered an error:
Internal Error
  Profile should not be None if loading profile completed
[0m14:05:07.403362 [debug] [MainThread]: Command `dbt debug` failed at 14:05:07.403051 after 2.60 seconds
[0m14:05:07.404222 [debug] [MainThread]: Sending event: {'category': 'dbt', 'action': 'invocation', 'label': 'end', 'context': [<snowplow_tracker.self_describing_json.SelfDescribingJson object at 0x00000285D90182B0>, <snowplow_tracker.self_describing_json.SelfDescribingJson object at 0x00000285D900DB50>, <snowplow_tracker.self_describing_json.SelfDescribingJson object at 0x00000285D8F1E470>]}
[0m14:05:07.405183 [debug] [MainThread]: Flushing usage events
[0m14:05:10.268167 [debug] [MainThread]: An error was encountered while trying to flush usage events
[0m14:06:28.009641 [debug] [MainThread]: Sending event: {'category': 'dbt', 'action': 'invocation', 'label': 'start', 'context': [<snowplow_tracker.self_describing_json.SelfDescribingJson object at 0x000001CB021C9550>, <snowplow_tracker.self_describing_json.SelfDescribingJson object at 0x000001CB7EE9B4D0>, <snowplow_tracker.self_describing_json.SelfDescribingJson object at 0x000001CB0352FC50>]}


============================== 14:06:28.022063 | 3ef4ecff-736a-4cef-a49f-93ee638fc97c ==============================
[0m14:06:28.022063 [info ] [MainThread]: Running with dbt=1.11.8
[0m14:06:28.024095 [debug] [MainThread]: running dbt with arguments {'static_parser': 'True', 'no_print': 'None', 'version_check': 'True', 'target_path': 'None', 'warn_error_options': 'WarnErrorOptionsV2(error=[], warn=[], silence=[])', 'printer_width': '80', 'write_json': 'True', 'empty': 'None', 'log_cache_events': 'False', 'introspect': 'True', 'cache_selected_only': 'False', 'fail_fast': 'False', 'debug': 'False', 'log_format': 'default', 'profiles_dir': 'C:\\Users\\rakes\\.dbt', 'send_anonymous_usage_stats': 'True', 'quiet': 'False', 'warn_error': 'None', 'partial_parse': 'True', 'use_colors': 'True', 'invocation_command': 'dbt debug', 'indirect_selection': 'eager', 'use_experimental_parser': 'False', 'log_path': 'logs'}
[0m14:06:28.090804 [info ] [MainThread]: dbt version: 1.11.8
[0m14:06:28.092036 [info ] [MainThread]: python version: 3.13.13
[0m14:06:28.093050 [info ] [MainThread]: python path: C:\Users\rakes\AppData\Local\Programs\Python\Python313\python.exe
[0m14:06:28.093996 [info ] [MainThread]: os info: Windows-11-10.0.26200-SP0
[0m14:06:29.242109 [debug] [MainThread]: Snowflake adapter: Setting snowflake.connector to ERROR (file logging only)
[0m14:06:29.242954 [debug] [MainThread]: Snowflake adapter: Setting botocore to ERROR (file logging only)
[0m14:06:29.243577 [debug] [MainThread]: Snowflake adapter: Setting boto3 to ERROR (file logging only)
[0m14:06:29.394526 [info ] [MainThread]: Using profiles dir at C:\Users\rakes\.dbt
[0m14:06:29.395712 [info ] [MainThread]: Using profiles.yml file at C:\Users\rakes\.dbt\profiles.yml
[0m14:06:29.396659 [info ] [MainThread]: Using dbt_project.yml file at C:\Users\rakes\PycharmProjects\learnDbtSnpwflake\dbt_project.yml
[0m14:06:29.397722 [error] [MainThread]: Encountered an error:
Internal Error
  Profile should not be None if loading profile completed
[0m14:06:29.399669 [debug] [MainThread]: Command `dbt debug` failed at 14:06:29.399415 after 1.88 seconds
[0m14:06:29.400386 [debug] [MainThread]: Sending event: {'category': 'dbt', 'action': 'invocation', 'label': 'end', 'context': [<snowplow_tracker.self_describing_json.SelfDescribingJson object at 0x000001CB058882B0>, <snowplow_tracker.self_describing_json.SelfDescribingJson object at 0x000001CB0587DB50>, <snowplow_tracker.self_describing_json.SelfDescribingJson object at 0x000001CB0578E470>]}
[0m14:06:29.401063 [debug] [MainThread]: Flushing usage events
[0m14:06:32.354283 [debug] [MainThread]: An error was encountered while trying to flush usage events
